   Compiling libc v0.2.183
   Compiling proc-macro2 v1.0.106
   Compiling quote v1.0.45
   Compiling unicode-ident v1.0.24
   Compiling find-msvc-tools v0.1.9
   Compiling shlex v1.3.0
   Compiling pkg-config v0.3.32
   Compiling typenum v1.19.0
   Compiling version_check v0.9.5
    Checking cfg-if v1.0.4
   Compiling serde_core v1.0.228
   Compiling serde v1.0.228
    Checking subtle v2.6.1
   Compiling crc32fast v1.5.0
   Compiling zstd-safe v7.2.4
    Checking simd-adler32 v0.3.8
    Checking hashbrown v0.16.1
    Checking equivalent v1.0.2
    Checking powerfmt v0.2.0
    Checking cpufeatures v0.2.17
   Compiling generic-array v0.14.7
   Compiling thiserror v2.0.18
    Checking adler2 v2.0.1
   Compiling getrandom v0.3.4
    Checking crc-catalog v2.4.0
    Checking deranged v0.5.8
    Checking bumpalo v3.20.2
   Compiling rustix v1.1.4
    Checking winnow v0.7.15
    Checking byteorder v1.5.0
    Checking indexmap v2.13.0
   Compiling thiserror v1.0.69
    Checking log v0.4.29
   Compiling zip v2.4.2
    Checking crc v3.4.0
    Checking toml_write v0.1.2
    Checking num-conv v0.2.1
   Compiling getrandom v0.4.2
   Compiling jobserver v0.1.34
    Checking time-core v0.1.8
    Checking miniz_oxide v0.8.9
    Checking constant_time_eq v0.3.1
    Checking zopfli v0.8.3
    Checking deflate64 v0.1.12
    Checking crypto-common v0.1.7
    Checking block-buffer v0.10.4
    Checking inout v0.1.4
    Checking lzma-rs v0.3.0
    Checking memchr v2.8.0
    Checking bitflags v2.11.0
    Checking linux-raw-sys v0.12.1
    Checking flate2 v1.1.9
   Compiling cc v1.2.57
    Checking memmap2 v0.9.10
    Checking time v0.3.47
    Checking fastrand v2.3.0
    Checking cipher v0.4.4
    Checking once_cell v1.21.4
    Checking digest v0.10.7
    Checking aes v0.8.4
   Compiling zstd-sys v2.0.16+zstd.1.5.7
   Compiling bzip2-sys v0.1.13+1.0.8
   Compiling lzma-sys v0.1.20
    Checking hmac v0.12.1
    Checking sha1 v0.10.6
   Compiling syn v2.0.117
    Checking pbkdf2 v0.12.2
    Checking tempfile v3.27.0
    Checking xz2 v0.1.7
   Compiling serde_derive v1.0.228
   Compiling thiserror-impl v2.0.18
   Compiling zeroize_derive v1.4.3
   Compiling thiserror-impl v1.0.69
   Compiling displaydoc v0.2.5
    Checking zeroize v1.8.2
    Checking serde_spanned v0.6.9
    Checking toml_datetime v0.6.11
    Checking toml_edit v0.22.27
    Checking toml v0.8.23
    Checking bzip2 v0.5.2
    Checking zstd v0.13.3
    Checking openpack v0.1.0 (/home/mukund-thiru/Santh/libs/openpack)
    Finished `dev` profile [unoptimized + debuginfo] target(s) in 8.33s
